Add-in Express Registrator Log File: 11/09/2018 15:38:01

Installation directory: C:\Program Files\WinZip\
Registrator version: 8.4.4395.0
Operating System: Microsoft Windows 10 (build 17134), 64-bit
Process Owner: Administrator
Command Line: "C:\Program Files\WinZip\adxregistrator.exe" /uninstall="C:\Program Files\WinZip\WinZipExpressForOffice.dll" /privileges=user
Run 'As Administrator': Yes
Process Elevated: Yes
Integrity Level: High
UAC (User Account Control): On
--------------------------------------------------------------
15:38:01 0524 Starting the add-in unregistration process.
15:38:01 0524 Loading mscoree.dll
15:38:01 0524 Success.
15:38:01 0524 .NET Framework installation directory: 
15:38:01 0524 The latest version of .NET Framework: 'v4.0.30319'
15:38:01 0524 Loading CLR: v4.0.30319.
15:38:01 0524 Calling CLRCreateInstance method.
15:38:01 0524 Success.
15:38:01 0524 Calling GetRuntime method.
15:38:01 0524 Success.
15:38:01 0524 Checking if the hosting API of .NET Framework v4.0 beta is installed.
15:38:01 0524 The hosting API is up to date.
15:38:01 0524 Calling GetInterface method for the CorRuntimeHost interface.
15:38:01 0524 Success.
15:38:01 0524 Starting CLR...
15:38:01 0524 Success.
15:38:01 0524 Getting the CLR version.
15:38:01 0524 The CLR v4.0.30319 has been initialized successfully.
15:38:01 0524 Creating a new domain setup.
15:38:01 0524 Success.
15:38:01 0524 The 'shadow copy' is disabled.
15:38:01 0524 Creating a new application domain.
15:38:01 0524 Success.
15:38:01 0524 Getting the base directory for the domain.
15:38:01 0524 Success. The directory is 'C:\Program Files\WinZip\'.
15:38:01 0524 Searching for the Add-in Express core library.
15:38:01 0524 Success. The 'AddinExpress.MSO.2005.dll' file is found.
15:38:01 0524 Creating an instance of the 'AddinExpress.Deployment.ADXRegistrator' class.
15:38:01 0524 Assembly identity is 'AddinExpress.MSO.2005'.
15:38:01 0524 Success.
15:38:01 0524 Unwrapping the instance of the 'AddinExpress.Deployment.ADXRegistrator' class.
15:38:01 0524 Success.
15:38:01 0524 Calling the managed unregistration procedure (DISPID = 1610743823).
15:38:01 0524 Unregistration success.
15:38:01 0524 The add-in unregistration process is completed with HRESULT = 0.
